[LOG] System::create                           : Header version = 2.01.07. Current version = 2.01.07.
[LOG] Manager::init                            : maxchannels = 256 studioflags = 00000006 flags 00000000 extradriverdata 0000000000000000.
[LOG] SystemI::init                            : Initialize version=20107 (113487), maxchannels=256, flags=0x00020000
[LOG] SystemI::setOutputInternal               : Setting output to 'FMOD WASAPI Output'
[LOG] OutputWASAPI::init                       : Mix Format (WAVEFORMATEX): wFormatTag=0xFFFE, nChannels=8, nSamplesPerSec=48000, nAvgBytesPerSec=1536000, nBlockAlign=32, wBitsPerSample=32, cbSize=22.
[LOG] OutputWASAPI::init                       : Mix Format (WAVEFORMATEXTENSIBLE): wValidBitsPerSample=32, dwChannelMask=0x0000063F, SubFormat=00000003-0000-0010-8000-00AA00389B71.
[LOG] OutputWASAPI::init                       : Output buffer size: 4096 samples, latency: 0.00ms, period: 10.00ms, DSP buffer: 1024 * 4
[LOG] DownMix::init                            : dspbuffersize: 1024  rate: 48000. output speaker mode: 7, input speaker mode 3
[LOG] DownMix::init                            : done.
[LOG] Thread::initThread                       : Init FMOD stream thread. Affinity: 0x8000000000000003, Priority: 0xFFFF7FFB, Stack Size: 98304, Semaphore: No, Sleep Time: 10, Looping: Yes.
[LOG] Thread::initThread                       : Init FMOD mixer thread. Affinity: 0x8000000000000001, Priority: 0xFFFF7FFA, Stack Size: 81920, Semaphore: No, Sleep Time: 0, Looping: Yes.
[LOG] AsyncManager::init                       : manager 000002ED9582D0E8 isAsync 0 updatePeriod 0.02
[LOG] AsyncManager::init                       : done
[LOG] PlaybackSystem::init                     : 
[LOG] Thread::initThread                       : Init FMOD Studio sample load thread. Affinity: 0x8000000000000003, Priority: 0xFFFF7FFD, Stack Size: 98304, Semaphore: No, Sleep Time: 1, Looping: No.
[LOG] PlaybackSystem::init                     : done
[LOG] Thread::initThread                       : Init FMOD Studio bank load thread. Affinity: 0x8000000000000003, Priority: 0xFFFF7FFD, Stack Size: 98304, Semaphore: No, Sleep Time: 1, Looping: No.
[LOG] Manager::init                            : done.
[LOG] Manager::readBank                        : fileversion = 135, compatVersion = 132 (oldest = 44, newest = 135)
[LOG] PlaybackSystem::acquireMasterBus         : Setting master channel group format to 6
[LOG] Manager::readBank                        : fileversion = 135, compatVersion = 132 (oldest = 44, newest = 135)
[LOG] SystemI::createSoundInternal             : Create name='', mode=0x02000202
[LOG] SystemI::createSoundInternal             : exinfo->cbsize             = 224
[LOG] SystemI::createSoundInternal             : exinfo->length             = 143168
[LOG] SystemI::createSoundInternal             : exinfo->fileoffset         = 7072
[LOG] SystemI::createSoundInternal             : exinfo->numsubsounds       = 1
[LOG] SystemI::createSoundInternal             : exinfo->inclusionlist      = 000000FB6DBFF508
[LOG] SystemI::createSoundInternal             : exinfo->inclusionlistnum   = 1
[LOG] SystemI::createSoundInternal             : exinfo->suggestedsoundtype = 5
[LOG] SystemI::createSoundInternal             : exinfo->useropen           = 00007FFAE8587B10
[LOG] SystemI::createSoundInternal             : exinfo->userclose          = 00007FFAE8587AE0
[LOG] SystemI::createSoundInternal             : exinfo->userread           = 00007FFAE8587BE0
[LOG] SystemI::createSoundInternal             : exinfo->userseek           = 00007FFAE8587CA0
[LOG] SystemI::createSoundInternal             : exinfo->fileuserdata       = 000002ED859982A8
[LOG] SystemI::createSoundInternal             : exinfo->initialseekpostype = 1
[LOG] SystemI::DSPCodecPoolRegister            : register codec pool for pool type 5
[LOG] SystemI::createSoundInternal             : Sample 0/1: name='ggj21SFX-footstepsVerb-005', format=5, channels=2, frequency=48000, lengthbytes=13888, lengthpcm=112000, pcmblocksize=0, loopstart=0, loopend=0, mode=0x00000000, channelmask=0x00000000, channelorder=0, peakvolume=0.038361.
[LOG] SystemI::createSoundInternal             : Create name='', mode=0x02000202
[LOG] SystemI::createSoundInternal             : exinfo->cbsize             = 224
[LOG] SystemI::createSoundInternal             : exinfo->length             = 143168
[LOG] SystemI::createSoundInternal             : exinfo->fileoffset         = 7072
[LOG] SystemI::createSoundInternal             : exinfo->numsubsounds       = 1
[LOG] SystemI::createSoundInternal             : exinfo->inclusionlist      = 000000FB6DBFF508
[LOG] SystemI::createSoundInternal             : exinfo->inclusionlistnum   = 1
[LOG] SystemI::createSoundInternal             : exinfo->suggestedsoundtype = 5
[LOG] SystemI::createSoundInternal             : exinfo->useropen           = 00007FFAE8587B10
[LOG] SystemI::createSoundInternal             : exinfo->userclose          = 00007FFAE8587AE0
[LOG] SystemI::createSoundInternal             : exinfo->userread           = 00007FFAE8587BE0
[LOG] SystemI::createSoundInternal             : exinfo->userseek           = 00007FFAE8587CA0
[LOG] SystemI::createSoundInternal             : exinfo->fileuserdata       = 000002ED859982A8
[LOG] SystemI::createSoundInternal             : exinfo->initialseekpostype = 1
[LOG] SystemI::DSPCodecPoolRegister            : register codec pool for pool type 5
[LOG] SystemI::createSoundInternal             : Sample 0/1: name='ggj21SFX-footstepsVerb-014', format=5, channels=2, frequency=48000, lengthbytes=11872, lengthpcm=112000, pcmblocksize=0, loopstart=0, loopend=0, mode=0x00000000, channelmask=0x00000000, channelorder=0, peakvolume=0.031158.
[LOG] SystemI::createSoundInternal             : Create name='', mode=0x02000202
[LOG] SystemI::createSoundInternal             : exinfo->cbsize             = 224
[LOG] SystemI::createSoundInternal             : exinfo->length             = 143168
[LOG] SystemI::createSoundInternal             : exinfo->fileoffset         = 7072
[LOG] SystemI::createSoundInternal             : exinfo->numsubsounds       = 1
[LOG] SystemI::createSoundInternal             : exinfo->inclusionlist      = 000000FB6DBFF508
[LOG] SystemI::createSoundInternal             : exinfo->inclusionlistnum   = 1
[LOG] SystemI::createSoundInternal             : exinfo->suggestedsoundtype = 5
[LOG] SystemI::createSoundInternal             : exinfo->useropen           = 00007FFAE8587B10
[LOG] SystemI::createSoundInternal             : exinfo->userclose          = 00007FFAE8587AE0
[LOG] SystemI::createSoundInternal             : exinfo->userread           = 00007FFAE8587BE0
[LOG] SystemI::createSoundInternal             : exinfo->userseek           = 00007FFAE8587CA0
[LOG] SystemI::createSoundInternal             : exinfo->fileuserdata       = 000002ED859982A8
[LOG] SystemI::createSoundInternal             : exinfo->initialseekpostype = 1
[LOG] SystemI::DSPCodecPoolRegister            : register codec pool for pool type 5
[LOG] SystemI::createSoundInternal             : Sample 0/1: name='ggj21SFX-footstepsVerb-006', format=5, channels=2, frequency=48000, lengthbytes=14784, lengthpcm=112000, pcmblocksize=0, loopstart=0, loopend=0, mode=0x00000000, channelmask=0x00000000, channelorder=0, peakvolume=0.056091.
[LOG] SystemI::createSoundInternal             : Create name='', mode=0x02000202
[LOG] SystemI::createSoundInternal             : exinfo->cbsize             = 224
[LOG] SystemI::createSoundInternal             : exinfo->length             = 143168
[LOG] SystemI::createSoundInternal             : exinfo->fileoffset         = 7072
[LOG] SystemI::createSoundInternal             : exinfo->numsubsounds       = 1
[LOG] SystemI::createSoundInternal             : exinfo->inclusionlist      = 000000FB6DBFF508
[LOG] SystemI::createSoundInternal             : exinfo->inclusionlistnum   = 1
[LOG] SystemI::createSoundInternal             : exinfo->suggestedsoundtype = 5
[LOG] SystemI::createSoundInternal             : exinfo->useropen           = 00007FFAE8587B10
[LOG] SystemI::createSoundInternal             : exinfo->userclose          = 00007FFAE8587AE0
[LOG] SystemI::createSoundInternal             : exinfo->userread           = 00007FFAE8587BE0
[LOG] SystemI::createSoundInternal             : exinfo->userseek           = 00007FFAE8587CA0
[LOG] SystemI::createSoundInternal             : exinfo->fileuserdata       = 000002ED859982A8
[LOG] SystemI::createSoundInternal             : exinfo->initialseekpostype = 1
[LOG] SystemI::DSPCodecPoolRegister            : register codec pool for pool type 5
[LOG] SystemI::createSoundInternal             : Sample 0/1: name='ggj21SFX-footstepsVerb-004', format=5, channels=2, frequency=48000, lengthbytes=14464, lengthpcm=112000, pcmblocksize=0, loopstart=0, loopend=0, mode=0x00000000, channelmask=0x00000000, channelorder=0, peakvolume=0.051208.
[LOG] SystemI::createSoundInternal             : Create name='', mode=0x02000202
[LOG] SystemI::createSoundInternal             : exinfo->cbsize             = 224
[LOG] SystemI::createSoundInternal             : exinfo->length             = 143168
[LOG] SystemI::createSoundInternal             : exinfo->fileoffset         = 7072
[LOG] SystemI::createSoundInternal             : exinfo->numsubsounds       = 1
[LOG] SystemI::createSoundInternal             : exinfo->inclusionlist      = 000000FB6DBFF508
[LOG] SystemI::createSoundInternal             : exinfo->inclusionlistnum   = 1
[LOG] SystemI::createSoundInternal             : exinfo->suggestedsoundtype = 5
[LOG] SystemI::createSoundInternal             : exinfo->useropen           = 00007FFAE8587B10
[LOG] SystemI::createSoundInternal             : exinfo->userclose          = 00007FFAE8587AE0
[LOG] SystemI::createSoundInternal             : exinfo->userread           = 00007FFAE8587BE0
[LOG] SystemI::createSoundInternal             : exinfo->userseek           = 00007FFAE8587CA0
[LOG] SystemI::createSoundInternal             : exinfo->fileuserdata       = 000002ED859982A8
[LOG] SystemI::createSoundInternal             : exinfo->initialseekpostype = 1
[LOG] SystemI::DSPCodecPoolRegister            : register codec pool for pool type 5
[LOG] SystemI::createSoundInternal             : Sample 0/1: name='ggj21SFX-footstepsVerb-008', format=5, channels=2, frequency=48000, lengthbytes=10240, lengthpcm=112000, pcmblocksize=0, loopstart=0, loopend=0, mode=0x00000000, channelmask=0x00000000, channelorder=0, peakvolume=0.013947.
[LOG] SystemI::createSoundInternal             : Create name='', mode=0x02000202
[LOG] SystemI::createSoundInternal             : exinfo->cbsize             = 224
[LOG] SystemI::createSoundInternal             : exinfo->length             = 143168
[LOG] SystemI::createSoundInternal             : exinfo->fileoffset         = 7072
[LOG] SystemI::createSoundInternal             : exinfo->numsubsounds       = 1
[LOG] SystemI::createSoundInternal             : exinfo->inclusionlist      = 000000FB6DBFF508
[LOG] SystemI::createSoundInternal             : exinfo->inclusionlistnum   = 1
[LOG] SystemI::createSoundInternal             : exinfo->suggestedsoundtype = 5
[LOG] SystemI::createSoundInternal             : exinfo->useropen           = 00007FFAE8587B10
[LOG] SystemI::createSoundInternal             : exinfo->userclose          = 00007FFAE8587AE0
[LOG] SystemI::createSoundInternal             : exinfo->userread           = 00007FFAE8587BE0
[LOG] SystemI::createSoundInternal             : exinfo->userseek           = 00007FFAE8587CA0
[LOG] SystemI::createSoundInternal             : exinfo->fileuserdata       = 000002ED859982A8
[LOG] SystemI::createSoundInternal             : exinfo->initialseekpostype = 1
[LOG] SystemI::DSPCodecPoolRegister            : register codec pool for pool type 5
[LOG] SystemI::createSoundInternal             : Sample 0/1: name='ggj21SFX-footstepsVerb-009', format=5, channels=2, frequency=48000, lengthbytes=9056, lengthpcm=112000, pcmblocksize=0, loopstart=0, loopend=0, mode=0x00000000, channelmask=0x00000000, channelorder=0, peakvolume=0.018402.
[LOG] SystemI::createSoundInternal             : Create name='', mode=0x02000202
[LOG] SystemI::createSoundInternal             : exinfo->cbsize             = 224
[LOG] SystemI::createSoundInternal             : exinfo->length             = 143168
[LOG] SystemI::createSoundInternal             : exinfo->fileoffset         = 7072
[LOG] SystemI::createSoundInternal             : exinfo->numsubsounds       = 1
[LOG] SystemI::createSoundInternal             : exinfo->inclusionlist      = 000000FB6DBFF508
[LOG] SystemI::createSoundInternal             : exinfo->inclusionlistnum   = 1
[LOG] SystemI::createSoundInternal             : exinfo->suggestedsoundtype = 5
[LOG] SystemI::createSoundInternal             : exinfo->useropen           = 00007FFAE8587B10
[LOG] SystemI::createSoundInternal             : exinfo->userclose          = 00007FFAE8587AE0
[LOG] SystemI::createSoundInternal             : exinfo->userread           = 00007FFAE8587BE0
[LOG] SystemI::createSoundInternal             : exinfo->userseek           = 00007FFAE8587CA0
[LOG] SystemI::createSoundInternal             : exinfo->fileuserdata       = 000002ED859982A8
[LOG] SystemI::createSoundInternal             : exinfo->initialseekpostype = 1
[LOG] SystemI::DSPCodecPoolRegister            : register codec pool for pool type 5
[LOG] SystemI::createSoundInternal             : Sample 0/1: name='ggj21SFX-footstepsVerb-007', format=5, channels=2, frequency=48000, lengthbytes=12768, lengthpcm=112000, pcmblocksize=0, loopstart=0, loopend=0, mode=0x00000000, channelmask=0x00000000, channelorder=0, peakvolume=0.041321.
[LOG] SystemI::createSoundInternal             : Create name='', mode=0x02000202
[LOG] SystemI::createSoundInternal             : exinfo->cbsize             = 224
[LOG] SystemI::createSoundInternal             : exinfo->length             = 143168
[LOG] SystemI::createSoundInternal             : exinfo->fileoffset         = 7072
[LOG] SystemI::createSoundInternal             : exinfo->numsubsounds       = 1
[LOG] SystemI::createSoundInternal             : exinfo->inclusionlist      = 000000FB6DBFF508
[LOG] SystemI::createSoundInternal             : exinfo->inclusionlistnum   = 1
[LOG] SystemI::createSoundInternal             : exinfo->suggestedsoundtype = 5
[LOG] SystemI::createSoundInternal             : exinfo->useropen           = 00007FFAE8587B10
[LOG] SystemI::createSoundInternal             : exinfo->userclose          = 00007FFAE8587AE0
[LOG] SystemI::createSoundInternal             : exinfo->userread           = 00007FFAE8587BE0
[LOG] SystemI::createSoundInternal             : exinfo->userseek           = 00007FFAE8587CA0
[LOG] SystemI::createSoundInternal             : exinfo->fileuserdata       = 000002ED859982A8
[LOG] SystemI::createSoundInternal             : exinfo->initialseekpostype = 1
[LOG] SystemI::DSPCodecPoolRegister            : register codec pool for pool type 5
[LOG] SystemI::createSoundInternal             : Sample 0/1: name='ggj21SFX-footstepsVerb-013', format=5, channels=2, frequency=48000, lengthbytes=12288, lengthpcm=112000, pcmblocksize=0, loopstart=0, loopend=0, mode=0x00000000, channelmask=0x00000000, channelorder=0, peakvolume=0.035187.
[LOG] SystemI::createSoundInternal             : Create name='', mode=0x02000202
[LOG] SystemI::createSoundInternal             : exinfo->cbsize             = 224
[LOG] SystemI::createSoundInternal             : exinfo->length             = 143168
[LOG] SystemI::createSoundInternal             : exinfo->fileoffset         = 7072
[LOG] SystemI::createSoundInternal             : exinfo->numsubsounds       = 1
[LOG] SystemI::createSoundInternal             : exinfo->inclusionlist      = 000000FB6DBFF508
[LOG] SystemI::createSoundInternal             : exinfo->inclusionlistnum   = 1
[LOG] SystemI::createSoundInternal             : exinfo->suggestedsoundtype = 5
[LOG] SystemI::createSoundInternal             : exinfo->useropen           = 00007FFAE8587B10
[LOG] SystemI::createSoundInternal             : exinfo->userclose          = 00007FFAE8587AE0
[LOG] SystemI::createSoundInternal             : exinfo->userread           = 00007FFAE8587BE0
[LOG] SystemI::createSoundInternal             : exinfo->userseek           = 00007FFAE8587CA0
[LOG] SystemI::createSoundInternal             : exinfo->fileuserdata       = 000002ED859982A8
[LOG] SystemI::createSoundInternal             : exinfo->initialseekpostype = 1
[LOG] SystemI::DSPCodecPoolRegister            : register codec pool for pool type 5
[LOG] SystemI::createSoundInternal             : Sample 0/1: name='ggj21SFX-footstepsVerb-010', format=5, channels=2, frequency=48000, lengthbytes=15328, lengthpcm=112000, pcmblocksize=0, loopstart=0, loopend=0, mode=0x00000000, channelmask=0x00000000, channelorder=0, peakvolume=0.061432.
[LOG] SystemI::createSoundInternal             : Create name='', mode=0x02000202
[LOG] SystemI::createSoundInternal             : exinfo->cbsize             = 224
[LOG] SystemI::createSoundInternal             : exinfo->length             = 143168
[LOG] SystemI::createSoundInternal             : exinfo->fileoffset         = 7072
[LOG] SystemI::createSoundInternal             : exinfo->numsubsounds       = 1
[LOG] SystemI::createSoundInternal             : exinfo->inclusionlist      = 000000FB6DBFF508
[LOG] SystemI::createSoundInternal             : exinfo->inclusionlistnum   = 1
[LOG] SystemI::createSoundInternal             : exinfo->suggestedsoundtype = 5
[LOG] SystemI::createSoundInternal             : exinfo->useropen           = 00007FFAE8587B10
[LOG] SystemI::createSoundInternal             : exinfo->userclose          = 00007FFAE8587AE0
[LOG] SystemI::createSoundInternal             : exinfo->userread           = 00007FFAE8587BE0
[LOG] SystemI::createSoundInternal             : exinfo->userseek           = 00007FFAE8587CA0
[LOG] SystemI::createSoundInternal             : exinfo->fileuserdata       = 000002ED859982A8
[LOG] SystemI::createSoundInternal             : exinfo->initialseekpostype = 1
[LOG] SystemI::DSPCodecPoolRegister            : register codec pool for pool type 5
[LOG] SystemI::createSoundInternal             : Sample 0/1: name='ggj21SFX-footstepsVerb-012', format=5, channels=2, frequency=48000, lengthbytes=15008, lengthpcm=112000, pcmblocksize=0, loopstart=0, loopend=0, mode=0x00000000, channelmask=0x00000000, channelorder=0, peakvolume=0.063324.
[LOG] SystemI::createSoundInternal             : Create name='', mode=0x02000202
[LOG] SystemI::createSoundInternal             : exinfo->cbsize             = 224
[LOG] SystemI::createSoundInternal             : exinfo->length             = 143168
[LOG] SystemI::createSoundInternal             : exinfo->fileoffset         = 7072
[LOG] SystemI::createSoundInternal             : exinfo->numsubsounds       = 1
[LOG] SystemI::createSoundInternal             : exinfo->inclusionlist      = 000000FB6DBFF508
[LOG] SystemI::createSoundInternal             : exinfo->inclusionlistnum   = 1
[LOG] SystemI::createSoundInternal             : exinfo->suggestedsoundtype = 5
[LOG] SystemI::createSoundInternal             : exinfo->useropen           = 00007FFAE8587B10
[LOG] SystemI::createSoundInternal             : exinfo->userclose          = 00007FFAE8587AE0
[LOG] SystemI::createSoundInternal             : exinfo->userread           = 00007FFAE8587BE0
[LOG] SystemI::createSoundInternal             : exinfo->userseek           = 00007FFAE8587CA0
[LOG] SystemI::createSoundInternal             : exinfo->fileuserdata       = 000002ED859982A8
[LOG] SystemI::createSoundInternal             : exinfo->initialseekpostype = 1
[LOG] SystemI::DSPCodecPoolRegister            : register codec pool for pool type 5
[LOG] SystemI::createSoundInternal             : Sample 0/1: name='ggj21SFX-footstepsVerb-011', format=5, channels=2, frequency=48000, lengthbytes=12576, lengthpcm=112000, pcmblocksize=0, loopstart=0, loopend=0, mode=0x00000000, channelmask=0x00000000, channelorder=0, peakvolume=0.033875.
[LOG] SoundI::release                          :  (000002ED943A8908)
[LOG] SoundI::release                          :     ggj21SFX-footstepsVerb-007 (000002ED39389948)
[LOG] SoundI::release                          :  (000002ED943A81D8)
[LOG] SoundI::release                          :     ggj21SFX-footstepsVerb-008 (000002ED39389608)
[LOG] SoundI::release                          :  (000002ED943A4408)
[LOG] SoundI::release                          :     ggj21SFX-footstepsVerb-014 (000002ED322A4D18)
[LOG] SoundI::release                          :  (000002ED943A5DE8)
[LOG] SoundI::release                          :     ggj21SFX-footstepsVerb-004 (000002ED322A4EB8)
[LOG] SoundI::release                          :  (000002ED943A5998)
[LOG] SoundI::release                          :     ggj21SFX-footstepsVerb-005 (000002ED322A49D8)
[LOG] SoundI::release                          :  (000002ED943A4E18)
[LOG] SoundI::release                          :     ggj21SFX-footstepsVerb-006 (000002ED322A3E78)
[LOG] SoundI::release                          :  (000002ED943A9768)
[LOG] SoundI::release                          :     ggj21SFX-footstepsVerb-009 (000002ED39387588)
[LOG] SoundI::release                          :  (000002ED943A6238)
[LOG] SoundI::release                          :     ggj21SFX-footstepsVerb-010 (000002ED393866E8)
[LOG] SoundI::release                          :  (000002ED943A7938)
[LOG] SoundI::release                          :     ggj21SFX-footstepsVerb-011 (000002ED0BF56BB8)
[LOG] SoundI::release                          :  (000002ED943A74E8)
[LOG] SoundI::release                          :     ggj21SFX-footstepsVerb-012 (000002ED0BF566D8)
[LOG] SoundI::release                          :  (000002ED943A60C8)
[LOG] SoundI::release                          :     ggj21SFX-footstepsVerb-013 (000002ED39389AE8)
[LOG] Manager::readBank                        : fileversion = 135, compatVersion = 132 (oldest = 44, newest = 135)
[LOG] PlaybackSystem::acquireMasterBus         : Setting master channel group format to 6
[LOG] Manager::readBank                        : fileversion = 135, compatVersion = 132 (oldest = 44, newest = 135)
[LOG] SystemI::createSoundInternal             : Create name='', mode=0x02000202
[LOG] SystemI::createSoundInternal             : exinfo->cbsize             = 224
[LOG] SystemI::createSoundInternal             : exinfo->length             = 143168
[LOG] SystemI::createSoundInternal             : exinfo->fileoffset         = 7072
[LOG] SystemI::createSoundInternal             : exinfo->numsubsounds       = 1
[LOG] SystemI::createSoundInternal             : exinfo->inclusionlist      = 000000FB6DBFF508
[LOG] SystemI::createSoundInternal             : exinfo->inclusionlistnum   = 1
[LOG] SystemI::createSoundInternal             : exinfo->suggestedsoundtype = 5
[LOG] SystemI::createSoundInternal             : exinfo->useropen           = 00007FFAE8587B10
[LOG] SystemI::createSoundInternal             : exinfo->userclose          = 00007FFAE8587AE0
[LOG] SystemI::createSoundInternal             : exinfo->userread           = 00007FFAE8587BE0
[LOG] SystemI::createSoundInternal             : exinfo->userseek           = 00007FFAE8587CA0
[LOG] SystemI::createSoundInternal             : exinfo->fileuserdata       = 000002ED947B7118
[LOG] SystemI::createSoundInternal             : exinfo->initialseekpostype = 1
[LOG] SystemI::DSPCodecPoolRegister            : register codec pool for pool type 5
[LOG] SystemI::createSoundInternal             : Sample 0/1: name='ggj21SFX-footstepsVerb-005', format=5, channels=2, frequency=48000, lengthbytes=13888, lengthpcm=112000, pcmblocksize=0, loopstart=0, loopend=0, mode=0x00000000, channelmask=0x00000000, channelorder=0, peakvolume=0.038361.
[LOG] SystemI::createSoundInternal             : Create name='', mode=0x02000202
[LOG] SystemI::createSoundInternal             : exinfo->cbsize             = 224
[LOG] SystemI::createSoundInternal             : exinfo->length             = 143168
[LOG] SystemI::createSoundInternal             : exinfo->fileoffset         = 7072
[LOG] SystemI::createSoundInternal             : exinfo->numsubsounds       = 1
[LOG] SystemI::createSoundInternal             : exinfo->inclusionlist      = 000000FB6DBFF508
[LOG] SystemI::createSoundInternal             : exinfo->inclusionlistnum   = 1
[LOG] SystemI::createSoundInternal             : exinfo->suggestedsoundtype = 5
[LOG] SystemI::createSoundInternal             : exinfo->useropen           = 00007FFAE8587B10
[LOG] SystemI::createSoundInternal             : exinfo->userclose          = 00007FFAE8587AE0
[LOG] SystemI::createSoundInternal             : exinfo->userread           = 00007FFAE8587BE0
[LOG] SystemI::createSoundInternal             : exinfo->userseek           = 00007FFAE8587CA0
[LOG] SystemI::createSoundInternal             : exinfo->fileuserdata       = 000002ED947B7118
[LOG] SystemI::createSoundInternal             : exinfo->initialseekpostype = 1
[LOG] SystemI::DSPCodecPoolRegister            : register codec pool for pool type 5
[LOG] SystemI::createSoundInternal             : Sample 0/1: name='ggj21SFX-footstepsVerb-014', format=5, channels=2, frequency=48000, lengthbytes=11872, lengthpcm=112000, pcmblocksize=0, loopstart=0, loopend=0, mode=0x00000000, channelmask=0x00000000, channelorder=0, peakvolume=0.031158.
[LOG] SystemI::createSoundInternal             : Create name='', mode=0x02000202
[LOG] SystemI::createSoundInternal             : exinfo->cbsize             = 224
[LOG] SystemI::createSoundInternal             : exinfo->length             = 143168
[LOG] SystemI::createSoundInternal             : exinfo->fileoffset         = 7072
[LOG] SystemI::createSoundInternal             : exinfo->numsubsounds       = 1
[LOG] SystemI::createSoundInternal             : exinfo->inclusionlist      = 000000FB6DBFF508
[LOG] SystemI::createSoundInternal             : exinfo->inclusionlistnum   = 1
[LOG] SystemI::createSoundInternal             : exinfo->suggestedsoundtype = 5
[LOG] SystemI::createSoundInternal             : exinfo->useropen           = 00007FFAE8587B10
[LOG] SystemI::createSoundInternal             : exinfo->userclose          = 00007FFAE8587AE0
[LOG] SystemI::createSoundInternal             : exinfo->userread           = 00007FFAE8587BE0
[LOG] SystemI::createSoundInternal             : exinfo->userseek           = 00007FFAE8587CA0
[LOG] SystemI::createSoundInternal             : exinfo->fileuserdata       = 000002ED947B7118
[LOG] SystemI::createSoundInternal             : exinfo->initialseekpostype = 1
[LOG] SystemI::DSPCodecPoolRegister            : register codec pool for pool type 5
[LOG] SystemI::createSoundInternal             : Sample 0/1: name='ggj21SFX-footstepsVerb-006', format=5, channels=2, frequency=48000, lengthbytes=14784, lengthpcm=112000, pcmblocksize=0, loopstart=0, loopend=0, mode=0x00000000, channelmask=0x00000000, channelorder=0, peakvolume=0.056091.
[LOG] SystemI::createSoundInternal             : Create name='', mode=0x02000202
[LOG] SystemI::createSoundInternal             : exinfo->cbsize             = 224
[LOG] SystemI::createSoundInternal             : exinfo->length             = 143168
[LOG] SystemI::createSoundInternal             : exinfo->fileoffset         = 7072
[LOG] SystemI::createSoundInternal             : exinfo->numsubsounds       = 1
[LOG] SystemI::createSoundInternal             : exinfo->inclusionlist      = 000000FB6DBFF508
[LOG] SystemI::createSoundInternal             : exinfo->inclusionlistnum   = 1
[LOG] SystemI::createSoundInternal             : exinfo->suggestedsoundtype = 5
[LOG] SystemI::createSoundInternal             : exinfo->useropen           = 00007FFAE8587B10
[LOG] SystemI::createSoundInternal             : exinfo->userclose          = 00007FFAE8587AE0
[LOG] SystemI::createSoundInternal             : exinfo->userread           = 00007FFAE8587BE0
[LOG] SystemI::createSoundInternal             : exinfo->userseek           = 00007FFAE8587CA0
[LOG] SystemI::createSoundInternal             : exinfo->fileuserdata       = 000002ED947B7118
[LOG] SystemI::createSoundInternal             : exinfo->initialseekpostype = 1
[LOG] SystemI::DSPCodecPoolRegister            : register codec pool for pool type 5
[LOG] SystemI::createSoundInternal             : Sample 0/1: name='ggj21SFX-footstepsVerb-004', format=5, channels=2, frequency=48000, lengthbytes=14464, lengthpcm=112000, pcmblocksize=0, loopstart=0, loopend=0, mode=0x00000000, channelmask=0x00000000, channelorder=0, peakvolume=0.051208.
[LOG] SystemI::createSoundInternal             : Create name='', mode=0x02000202
[LOG] SystemI::createSoundInternal             : exinfo->cbsize             = 224
[LOG] SystemI::createSoundInternal             : exinfo->length             = 143168
[LOG] SystemI::createSoundInternal             : exinfo->fileoffset         = 7072
[LOG] SystemI::createSoundInternal             : exinfo->numsubsounds       = 1
[LOG] SystemI::createSoundInternal             : exinfo->inclusionlist      = 000000FB6DBFF508
[LOG] SystemI::createSoundInternal             : exinfo->inclusionlistnum   = 1
[LOG] SystemI::createSoundInternal             : exinfo->suggestedsoundtype = 5
[LOG] SystemI::createSoundInternal             : exinfo->useropen           = 00007FFAE8587B10
[LOG] SystemI::createSoundInternal             : exinfo->userclose          = 00007FFAE8587AE0
[LOG] SystemI::createSoundInternal             : exinfo->userread           = 00007FFAE8587BE0
[LOG] SystemI::createSoundInternal             : exinfo->userseek           = 00007FFAE8587CA0
[LOG] SystemI::createSoundInternal             : exinfo->fileuserdata       = 000002ED947B7118
[LOG] SystemI::createSoundInternal             : exinfo->initialseekpostype = 1
[LOG] SystemI::DSPCodecPoolRegister            : register codec pool for pool type 5
[LOG] SystemI::createSoundInternal             : Sample 0/1: name='ggj21SFX-footstepsVerb-008', format=5, channels=2, frequency=48000, lengthbytes=10240, lengthpcm=112000, pcmblocksize=0, loopstart=0, loopend=0, mode=0x00000000, channelmask=0x00000000, channelorder=0, peakvolume=0.013947.
[LOG] SystemI::createSoundInternal             : Create name='', mode=0x02000202
[LOG] SystemI::createSoundInternal             : exinfo->cbsize             = 224
[LOG] SystemI::createSoundInternal             : exinfo->length             = 143168
[LOG] SystemI::createSoundInternal             : exinfo->fileoffset         = 7072
[LOG] SystemI::createSoundInternal             : exinfo->numsubsounds       = 1
[LOG] SystemI::createSoundInternal             : exinfo->inclusionlist      = 000000FB6DBFF508
[LOG] SystemI::createSoundInternal             : exinfo->inclusionlistnum   = 1
[LOG] SystemI::createSoundInternal             : exinfo->suggestedsoundtype = 5
[LOG] SystemI::createSoundInternal             : exinfo->useropen           = 00007FFAE8587B10
[LOG] SystemI::createSoundInternal             : exinfo->userclose          = 00007FFAE8587AE0
[LOG] SystemI::createSoundInternal             : exinfo->userread           = 00007FFAE8587BE0
[LOG] SystemI::createSoundInternal             : exinfo->userseek           = 00007FFAE8587CA0
[LOG] SystemI::createSoundInternal             : exinfo->fileuserdata       = 000002ED947B7118
[LOG] SystemI::createSoundInternal             : exinfo->initialseekpostype = 1
[LOG] SystemI::DSPCodecPoolRegister            : register codec pool for pool type 5
[LOG] SystemI::createSoundInternal             : Sample 0/1: name='ggj21SFX-footstepsVerb-009', format=5, channels=2, frequency=48000, lengthbytes=9056, lengthpcm=112000, pcmblocksize=0, loopstart=0, loopend=0, mode=0x00000000, channelmask=0x00000000, channelorder=0, peakvolume=0.018402.
[LOG] SystemI::createSoundInternal             : Create name='', mode=0x02000202
[LOG] SystemI::createSoundInternal             : exinfo->cbsize             = 224
[LOG] SystemI::createSoundInternal             : exinfo->length             = 143168
[LOG] SystemI::createSoundInternal             : exinfo->fileoffset         = 7072
[LOG] SystemI::createSoundInternal             : exinfo->numsubsounds       = 1
[LOG] SystemI::createSoundInternal             : exinfo->inclusionlist      = 000000FB6DBFF508
[LOG] SystemI::createSoundInternal             : exinfo->inclusionlistnum   = 1
[LOG] SystemI::createSoundInternal             : exinfo->suggestedsoundtype = 5
[LOG] SystemI::createSoundInternal             : exinfo->useropen           = 00007FFAE8587B10
[LOG] SystemI::createSoundInternal             : exinfo->userclose          = 00007FFAE8587AE0
[LOG] SystemI::createSoundInternal             : exinfo->userread           = 00007FFAE8587BE0
[LOG] SystemI::createSoundInternal             : exinfo->userseek           = 00007FFAE8587CA0
[LOG] SystemI::createSoundInternal             : exinfo->fileuserdata       = 000002ED947B7118
[LOG] SystemI::createSoundInternal             : exinfo->initialseekpostype = 1
[LOG] SystemI::DSPCodecPoolRegister            : register codec pool for pool type 5
[LOG] SystemI::createSoundInternal             : Sample 0/1: name='ggj21SFX-footstepsVerb-007', format=5, channels=2, frequency=48000, lengthbytes=12768, lengthpcm=112000, pcmblocksize=0, loopstart=0, loopend=0, mode=0x00000000, channelmask=0x00000000, channelorder=0, peakvolume=0.041321.
[LOG] SystemI::createSoundInternal             : Create name='', mode=0x02000202
[LOG] SystemI::createSoundInternal             : exinfo->cbsize             = 224
[LOG] SystemI::createSoundInternal             : exinfo->length             = 143168
[LOG] SystemI::createSoundInternal             : exinfo->fileoffset         = 7072
[LOG] SystemI::createSoundInternal             : exinfo->numsubsounds       = 1
[LOG] SystemI::createSoundInternal             : exinfo->inclusionlist      = 000000FB6DBFF508
[LOG] SystemI::createSoundInternal             : exinfo->inclusionlistnum   = 1
[LOG] SystemI::createSoundInternal             : exinfo->suggestedsoundtype = 5
[LOG] SystemI::createSoundInternal             : exinfo->useropen           = 00007FFAE8587B10
[LOG] SystemI::createSoundInternal             : exinfo->userclose          = 00007FFAE8587AE0
[LOG] SystemI::createSoundInternal             : exinfo->userread           = 00007FFAE8587BE0
[LOG] SystemI::createSoundInternal             : exinfo->userseek           = 00007FFAE8587CA0
[LOG] SystemI::createSoundInternal             : exinfo->fileuserdata       = 000002ED947B7118
[LOG] SystemI::createSoundInternal             : exinfo->initialseekpostype = 1
[LOG] SystemI::DSPCodecPoolRegister            : register codec pool for pool type 5
[LOG] SystemI::createSoundInternal             : Sample 0/1: name='ggj21SFX-footstepsVerb-013', format=5, channels=2, frequency=48000, lengthbytes=12288, lengthpcm=112000, pcmblocksize=0, loopstart=0, loopend=0, mode=0x00000000, channelmask=0x00000000, channelorder=0, peakvolume=0.035187.
[LOG] SystemI::createSoundInternal             : Create name='', mode=0x02000202
[LOG] SystemI::createSoundInternal             : exinfo->cbsize             = 224
[LOG] SystemI::createSoundInternal             : exinfo->length             = 143168
[LOG] SystemI::createSoundInternal             : exinfo->fileoffset         = 7072
[LOG] SystemI::createSoundInternal             : exinfo->numsubsounds       = 1
[LOG] SystemI::createSoundInternal             : exinfo->inclusionlist      = 000000FB6DBFF508
[LOG] SystemI::createSoundInternal             : exinfo->inclusionlistnum   = 1
[LOG] SystemI::createSoundInternal             : exinfo->suggestedsoundtype = 5
[LOG] SystemI::createSoundInternal             : exinfo->useropen           = 00007FFAE8587B10
[LOG] SystemI::createSoundInternal             : exinfo->userclose          = 00007FFAE8587AE0
[LOG] SystemI::createSoundInternal             : exinfo->userread           = 00007FFAE8587BE0
[LOG] SystemI::createSoundInternal             : exinfo->userseek           = 00007FFAE8587CA0
[LOG] SystemI::createSoundInternal             : exinfo->fileuserdata       = 000002ED947B7118
[LOG] SystemI::createSoundInternal             : exinfo->initialseekpostype = 1
[LOG] SystemI::DSPCodecPoolRegister            : register codec pool for pool type 5
[LOG] SystemI::createSoundInternal             : Sample 0/1: name='ggj21SFX-footstepsVerb-010', format=5, channels=2, frequency=48000, lengthbytes=15328, lengthpcm=112000, pcmblocksize=0, loopstart=0, loopend=0, mode=0x00000000, channelmask=0x00000000, channelorder=0, peakvolume=0.061432.
[LOG] SystemI::createSoundInternal             : Create name='', mode=0x02000202
[LOG] SystemI::createSoundInternal             : exinfo->cbsize             = 224
[LOG] SystemI::createSoundInternal             : exinfo->length             = 143168
[LOG] SystemI::createSoundInternal             : exinfo->fileoffset         = 7072
[LOG] SystemI::createSoundInternal             : exinfo->numsubsounds       = 1
[LOG] SystemI::createSoundInternal             : exinfo->inclusionlist      = 000000FB6DBFF508
[LOG] SystemI::createSoundInternal             : exinfo->inclusionlistnum   = 1
[LOG] SystemI::createSoundInternal             : exinfo->suggestedsoundtype = 5
[LOG] SystemI::createSoundInternal             : exinfo->useropen           = 00007FFAE8587B10
[LOG] SystemI::createSoundInternal             : exinfo->userclose          = 00007FFAE8587AE0
[LOG] SystemI::createSoundInternal             : exinfo->userread           = 00007FFAE8587BE0
[LOG] SystemI::createSoundInternal             : exinfo->userseek           = 00007FFAE8587CA0
[LOG] SystemI::createSoundInternal             : exinfo->fileuserdata       = 000002ED947B7118
[LOG] SystemI::createSoundInternal             : exinfo->initialseekpostype = 1
[LOG] SystemI::DSPCodecPoolRegister            : register codec pool for pool type 5
[LOG] SystemI::createSoundInternal             : Sample 0/1: name='ggj21SFX-footstepsVerb-012', format=5, channels=2, frequency=48000, lengthbytes=15008, lengthpcm=112000, pcmblocksize=0, loopstart=0, loopend=0, mode=0x00000000, channelmask=0x00000000, channelorder=0, peakvolume=0.063324.
[LOG] SystemI::createSoundInternal             : Create name='', mode=0x02000202
[LOG] SystemI::createSoundInternal             : exinfo->cbsize             = 224
[LOG] SystemI::createSoundInternal             : exinfo->length             = 143168
[LOG] SystemI::createSoundInternal             : exinfo->fileoffset         = 7072
[LOG] SystemI::createSoundInternal             : exinfo->numsubsounds       = 1
[LOG] SystemI::createSoundInternal             : exinfo->inclusionlist      = 000000FB6DBFF508
[LOG] SystemI::createSoundInternal             : exinfo->inclusionlistnum   = 1
[LOG] SystemI::createSoundInternal             : exinfo->suggestedsoundtype = 5
[LOG] SystemI::createSoundInternal             : exinfo->useropen           = 00007FFAE8587B10
[LOG] SystemI::createSoundInternal             : exinfo->userclose          = 00007FFAE8587AE0
[LOG] SystemI::createSoundInternal             : exinfo->userread           = 00007FFAE8587BE0
[LOG] SystemI::createSoundInternal             : exinfo->userseek           = 00007FFAE8587CA0
[LOG] SystemI::createSoundInternal             : exinfo->fileuserdata       = 000002ED947B7118
[LOG] SystemI::createSoundInternal             : exinfo->initialseekpostype = 1
[LOG] SystemI::DSPCodecPoolRegister            : register codec pool for pool type 5
[LOG] SystemI::createSoundInternal             : Sample 0/1: name='ggj21SFX-footstepsVerb-011', format=5, channels=2, frequency=48000, lengthbytes=12576, lengthpcm=112000, pcmblocksize=0, loopstart=0, loopend=0, mode=0x00000000, channelmask=0x00000000, channelorder=0, peakvolume=0.033875.
[LOG] SoundI::release                          :  (000002ED943A4E18)
[LOG] SoundI::release                          :     ggj21SFX-footstepsVerb-007 (000002ED39389948)
[LOG] SoundI::release                          :  (000002ED943A60C8)
[LOG] SoundI::release                          :     ggj21SFX-footstepsVerb-008 (000002ED393866E8)
[LOG] SoundI::release                          :  (000002ED943A74E8)
[LOG] SoundI::release                          :     ggj21SFX-footstepsVerb-014 (000002ED34A68F38)
[LOG] SoundI::release                          :  (000002ED943A81D8)
[LOG] SoundI::release                          :     ggj21SFX-footstepsVerb-004 (000002ED39389AE8)
[LOG] SoundI::release                          :  (000002ED943A5DE8)
[LOG] SoundI::release                          :     ggj21SFX-footstepsVerb-005 (000002ED34A68A58)
[LOG] SoundI::release                          :  (000002ED943A5998)
[LOG] SoundI::release                          :     ggj21SFX-footstepsVerb-006 (000002ED34A68BF8)
[LOG] SoundI::release                          :  (000002ED943A8348)
[LOG] SoundI::release                          :     ggj21SFX-footstepsVerb-009 (000002ED39389608)
[LOG] SoundI::release                          :  (000002ED943A6C48)
[LOG] SoundI::release                          :     ggj21SFX-footstepsVerb-010 (000002ED322A4EB8)
[LOG] SoundI::release                          :  (000002ED943A8BE8)
[LOG] SoundI::release                          :     ggj21SFX-footstepsVerb-011 (000002ED322A49D8)
[LOG] SoundI::release                          :  (000002ED943A8908)
[LOG] SoundI::release                          :     ggj21SFX-footstepsVerb-012 (000002ED322A3E78)
[LOG] SoundI::release                          :  (000002ED943A6238)
[LOG] SoundI::release                          :     ggj21SFX-footstepsVerb-013 (000002ED39387588)
[LOG] Manager::readBank                        : fileversion = 135, compatVersion = 132 (oldest = 44, newest = 135)
[LOG] PlaybackSystem::acquireMasterBus         : Setting master channel group format to 6
[LOG] Manager::readBank                        : fileversion = 135, compatVersion = 132 (oldest = 44, newest = 135)
[LOG] SystemI::createSoundInternal             : Create name='', mode=0x02000202
[LOG] SystemI::createSoundInternal             : exinfo->cbsize             = 224
[LOG] SystemI::createSoundInternal             : exinfo->length             = 143168
[LOG] SystemI::createSoundInternal             : exinfo->fileoffset         = 7072
[LOG] SystemI::createSoundInternal             : exinfo->numsubsounds       = 1
[LOG] SystemI::createSoundInternal             : exinfo->inclusionlist      = 000000FB6DBFF508
[LOG] SystemI::createSoundInternal             : exinfo->inclusionlistnum   = 1
[LOG] SystemI::createSoundInternal             : exinfo->suggestedsoundtype = 5
[LOG] SystemI::createSoundInternal             : exinfo->useropen           = 00007FFAE8587B10
[LOG] SystemI::createSoundInternal             : exinfo->userclose          = 00007FFAE8587AE0
[LOG] SystemI::createSoundInternal             : exinfo->userread           = 00007FFAE8587BE0
[LOG] SystemI::createSoundInternal             : exinfo->userseek           = 00007FFAE8587CA0
[LOG] SystemI::createSoundInternal             : exinfo->fileuserdata       = 000002ED947B7118
[LOG] SystemI::createSoundInternal             : exinfo->initialseekpostype = 1
[LOG] SystemI::DSPCodecPoolRegister            : register codec pool for pool type 5
[LOG] SystemI::createSoundInternal             : Sample 0/1: name='ggj21SFX-footstepsVerb-005', format=5, channels=2, frequency=48000, lengthbytes=13888, lengthpcm=112000, pcmblocksize=0, loopstart=0, loopend=0, mode=0x00000000, channelmask=0x00000000, channelorder=0, peakvolume=0.038361.
[LOG] SystemI::createSoundInternal             : Create name='', mode=0x02000202
[LOG] SystemI::createSoundInternal             : exinfo->cbsize             = 224
[LOG] SystemI::createSoundInternal             : exinfo->length             = 143168
[LOG] SystemI::createSoundInternal             : exinfo->fileoffset         = 7072
[LOG] SystemI::createSoundInternal             : exinfo->numsubsounds       = 1
[LOG] SystemI::createSoundInternal             : exinfo->inclusionlist      = 000000FB6DBFF508
[LOG] SystemI::createSoundInternal             : exinfo->inclusionlistnum   = 1
[LOG] SystemI::createSoundInternal             : exinfo->suggestedsoundtype = 5
[LOG] SystemI::createSoundInternal             : exinfo->useropen           = 00007FFAE8587B10
[LOG] SystemI::createSoundInternal             : exinfo->userclose          = 00007FFAE8587AE0
[LOG] SystemI::createSoundInternal             : exinfo->userread           = 00007FFAE8587BE0
[LOG] SystemI::createSoundInternal             : exinfo->userseek           = 00007FFAE8587CA0
[LOG] SystemI::createSoundInternal             : exinfo->fileuserdata       = 000002ED947B7118
[LOG] SystemI::createSoundInternal             : exinfo->initialseekpostype = 1
[LOG] SystemI::DSPCodecPoolRegister            : register codec pool for pool type 5
[LOG] SystemI::createSoundInternal             : Sample 0/1: name='ggj21SFX-footstepsVerb-014', format=5, channels=2, frequency=48000, lengthbytes=11872, lengthpcm=112000, pcmblocksize=0, loopstart=0, loopend=0, mode=0x00000000, channelmask=0x00000000, channelorder=0, peakvolume=0.031158.
[LOG] SystemI::createSoundInternal             : Create name='', mode=0x02000202
[LOG] SystemI::createSoundInternal             : exinfo->cbsize             = 224
[LOG] SystemI::createSoundInternal             : exinfo->length             = 143168
[LOG] SystemI::createSoundInternal             : exinfo->fileoffset         = 7072
[LOG] SystemI::createSoundInternal             : exinfo->numsubsounds       = 1
[LOG] SystemI::createSoundInternal             : exinfo->inclusionlist      = 000000FB6DBFF508
[LOG] SystemI::createSoundInternal             : exinfo->inclusionlistnum   = 1
[LOG] SystemI::createSoundInternal             : exinfo->suggestedsoundtype = 5
[LOG] SystemI::createSoundInternal             : exinfo->useropen           = 00007FFAE8587B10
[LOG] SystemI::createSoundInternal             : exinfo->userclose          = 00007FFAE8587AE0
[LOG] SystemI::createSoundInternal             : exinfo->userread           = 00007FFAE8587BE0
[LOG] SystemI::createSoundInternal             : exinfo->userseek           = 00007FFAE8587CA0
[LOG] SystemI::createSoundInternal             : exinfo->fileuserdata       = 000002ED947B7118
[LOG] SystemI::createSoundInternal             : exinfo->initialseekpostype = 1
[LOG] SystemI::DSPCodecPoolRegister            : register codec pool for pool type 5
[LOG] SystemI::createSoundInternal             : Sample 0/1: name='ggj21SFX-footstepsVerb-006', format=5, channels=2, frequency=48000, lengthbytes=14784, lengthpcm=112000, pcmblocksize=0, loopstart=0, loopend=0, mode=0x00000000, channelmask=0x00000000, channelorder=0, peakvolume=0.056091.
[LOG] SystemI::createSoundInternal             : Create name='', mode=0x02000202
[LOG] SystemI::createSoundInternal             : exinfo->cbsize             = 224
[LOG] SystemI::createSoundInternal             : exinfo->length             = 143168
[LOG] SystemI::createSoundInternal             : exinfo->fileoffset         = 7072
[LOG] SystemI::createSoundInternal             : exinfo->numsubsounds       = 1
[LOG] SystemI::createSoundInternal             : exinfo->inclusionlist      = 000000FB6DBFF508
[LOG] SystemI::createSoundInternal             : exinfo->inclusionlistnum   = 1
[LOG] SystemI::createSoundInternal             : exinfo->suggestedsoundtype = 5
[LOG] SystemI::createSoundInternal             : exinfo->useropen           = 00007FFAE8587B10
[LOG] SystemI::createSoundInternal             : exinfo->userclose          = 00007FFAE8587AE0
[LOG] SystemI::createSoundInternal             : exinfo->userread           = 00007FFAE8587BE0
[LOG] SystemI::createSoundInternal             : exinfo->userseek           = 00007FFAE8587CA0
[LOG] SystemI::createSoundInternal             : exinfo->fileuserdata       = 000002ED947B7118
[LOG] SystemI::createSoundInternal             : exinfo->initialseekpostype = 1
[LOG] SystemI::DSPCodecPoolRegister            : register codec pool for pool type 5
[LOG] SystemI::createSoundInternal             : Sample 0/1: name='ggj21SFX-footstepsVerb-004', format=5, channels=2, frequency=48000, lengthbytes=14464, lengthpcm=112000, pcmblocksize=0, loopstart=0, loopend=0, mode=0x00000000, channelmask=0x00000000, channelorder=0, peakvolume=0.051208.
[LOG] SystemI::createSoundInternal             : Create name='', mode=0x02000202
[LOG] SystemI::createSoundInternal             : exinfo->cbsize             = 224
[LOG] SystemI::createSoundInternal             : exinfo->length             = 143168
[LOG] SystemI::createSoundInternal             : exinfo->fileoffset         = 7072
[LOG] SystemI::createSoundInternal             : exinfo->numsubsounds       = 1
[LOG] SystemI::createSoundInternal             : exinfo->inclusionlist      = 000000FB6DBFF508
[LOG] SystemI::createSoundInternal             : exinfo->inclusionlistnum   = 1
[LOG] SystemI::createSoundInternal             : exinfo->suggestedsoundtype = 5
[LOG] SystemI::createSoundInternal             : exinfo->useropen           = 00007FFAE8587B10
[LOG] SystemI::createSoundInternal             : exinfo->userclose          = 00007FFAE8587AE0
[LOG] SystemI::createSoundInternal             : exinfo->userread           = 00007FFAE8587BE0
[LOG] SystemI::createSoundInternal             : exinfo->userseek           = 00007FFAE8587CA0
[LOG] SystemI::createSoundInternal             : exinfo->fileuserdata       = 000002ED947B7118
[LOG] SystemI::createSoundInternal             : exinfo->initialseekpostype = 1
[LOG] SystemI::DSPCodecPoolRegister            : register codec pool for pool type 5
[LOG] SystemI::createSoundInternal             : Sample 0/1: name='ggj21SFX-footstepsVerb-008', format=5, channels=2, frequency=48000, lengthbytes=10240, lengthpcm=112000, pcmblocksize=0, loopstart=0, loopend=0, mode=0x00000000, channelmask=0x00000000, channelorder=0, peakvolume=0.013947.
[LOG] SystemI::createSoundInternal             : Create name='', mode=0x02000202
[LOG] SystemI::createSoundInternal             : exinfo->cbsize             = 224
[LOG] SystemI::createSoundInternal             : exinfo->length             = 143168
[LOG] SystemI::createSoundInternal             : exinfo->fileoffset         = 7072
[LOG] SystemI::createSoundInternal             : exinfo->numsubsounds       = 1
[LOG] SystemI::createSoundInternal             : exinfo->inclusionlist      = 000000FB6DBFF508
[LOG] SystemI::createSoundInternal             : exinfo->inclusionlistnum   = 1
[LOG] SystemI::createSoundInternal             : exinfo->suggestedsoundtype = 5
[LOG] SystemI::createSoundInternal             : exinfo->useropen           = 00007FFAE8587B10
[LOG] SystemI::createSoundInternal             : exinfo->userclose          = 00007FFAE8587AE0
[LOG] SystemI::createSoundInternal             : exinfo->userread           = 00007FFAE8587BE0
[LOG] SystemI::createSoundInternal             : exinfo->userseek           = 00007FFAE8587CA0
[LOG] SystemI::createSoundInternal             : exinfo->fileuserdata       = 000002ED947B7118
[LOG] SystemI::createSoundInternal             : exinfo->initialseekpostype = 1
[LOG] SystemI::DSPCodecPoolRegister            : register codec pool for pool type 5
[LOG] SystemI::createSoundInternal             : Sample 0/1: name='ggj21SFX-footstepsVerb-009', format=5, channels=2, frequency=48000, lengthbytes=9056, lengthpcm=112000, pcmblocksize=0, loopstart=0, loopend=0, mode=0x00000000, channelmask=0x00000000, channelorder=0, peakvolume=0.018402.
[LOG] SystemI::createSoundInternal             : Create name='', mode=0x02000202
[LOG] SystemI::createSoundInternal             : exinfo->cbsize             = 224
[LOG] SystemI::createSoundInternal             : exinfo->length             = 143168
[LOG] SystemI::createSoundInternal             : exinfo->fileoffset         = 7072
[LOG] SystemI::createSoundInternal             : exinfo->numsubsounds       = 1
[LOG] SystemI::createSoundInternal             : exinfo->inclusionlist      = 000000FB6DBFF508
[LOG] SystemI::createSoundInternal             : exinfo->inclusionlistnum   = 1
[LOG] SystemI::createSoundInternal             : exinfo->suggestedsoundtype = 5
[LOG] SystemI::createSoundInternal             : exinfo->useropen           = 00007FFAE8587B10
[LOG] SystemI::createSoundInternal             : exinfo->userclose          = 00007FFAE8587AE0
[LOG] SystemI::createSoundInternal             : exinfo->userread           = 00007FFAE8587BE0
[LOG] SystemI::createSoundInternal             : exinfo->userseek           = 00007FFAE8587CA0
[LOG] SystemI::createSoundInternal             : exinfo->fileuserdata       = 000002ED947B7118
[LOG] SystemI::createSoundInternal             : exinfo->initialseekpostype = 1
[LOG] SystemI::DSPCodecPoolRegister            : register codec pool for pool type 5
[LOG] SystemI::createSoundInternal             : Sample 0/1: name='ggj21SFX-footstepsVerb-007', format=5, channels=2, frequency=48000, lengthbytes=12768, lengthpcm=112000, pcmblocksize=0, loopstart=0, loopend=0, mode=0x00000000, channelmask=0x00000000, channelorder=0, peakvolume=0.041321.
[LOG] SystemI::createSoundInternal             : Create name='', mode=0x02000202
[LOG] SystemI::createSoundInternal             : exinfo->cbsize             = 224
[LOG] SystemI::createSoundInternal             : exinfo->length             = 143168
[LOG] SystemI::createSoundInternal             : exinfo->fileoffset         = 7072
[LOG] SystemI::createSoundInternal             : exinfo->numsubsounds       = 1
[LOG] SystemI::createSoundInternal             : exinfo->inclusionlist      = 000000FB6DBFF508
[LOG] SystemI::createSoundInternal             : exinfo->inclusionlistnum   = 1
[LOG] SystemI::createSoundInternal             : exinfo->suggestedsoundtype = 5
[LOG] SystemI::createSoundInternal             : exinfo->useropen           = 00007FFAE8587B10
[LOG] SystemI::createSoundInternal             : exinfo->userclose          = 00007FFAE8587AE0
[LOG] SystemI::createSoundInternal             : exinfo->userread           = 00007FFAE8587BE0
[LOG] SystemI::createSoundInternal             : exinfo->userseek           = 00007FFAE8587CA0
[LOG] SystemI::createSoundInternal             : exinfo->fileuserdata       = 000002ED947B7118
[LOG] SystemI::createSoundInternal             : exinfo->initialseekpostype = 1
[LOG] SystemI::DSPCodecPoolRegister            : register codec pool for pool type 5
[LOG] SystemI::createSoundInternal             : Sample 0/1: name='ggj21SFX-footstepsVerb-013', format=5, channels=2, frequency=48000, lengthbytes=12288, lengthpcm=112000, pcmblocksize=0, loopstart=0, loopend=0, mode=0x00000000, channelmask=0x00000000, channelorder=0, peakvolume=0.035187.
[LOG] SystemI::createSoundInternal             : Create name='', mode=0x02000202
[LOG] SystemI::createSoundInternal             : exinfo->cbsize             = 224
[LOG] SystemI::createSoundInternal             : exinfo->length             = 143168
[LOG] SystemI::createSoundInternal             : exinfo->fileoffset         = 7072
[LOG] SystemI::createSoundInternal             : exinfo->numsubsounds       = 1
[LOG] SystemI::createSoundInternal             : exinfo->inclusionlist      = 000000FB6DBFF508
[LOG] SystemI::createSoundInternal             : exinfo->inclusionlistnum   = 1
[LOG] SystemI::createSoundInternal             : exinfo->suggestedsoundtype = 5
[LOG] SystemI::createSoundInternal             : exinfo->useropen           = 00007FFAE8587B10
[LOG] SystemI::createSoundInternal             : exinfo->userclose          = 00007FFAE8587AE0
[LOG] SystemI::createSoundInternal             : exinfo->userread           = 00007FFAE8587BE0
[LOG] SystemI::createSoundInternal             : exinfo->userseek           = 00007FFAE8587CA0
[LOG] SystemI::createSoundInternal             : exinfo->fileuserdata       = 000002ED947B7118
[LOG] SystemI::createSoundInternal             : exinfo->initialseekpostype = 1
[LOG] SystemI::DSPCodecPoolRegister            : register codec pool for pool type 5
[LOG] SystemI::createSoundInternal             : Sample 0/1: name='ggj21SFX-footstepsVerb-010', format=5, channels=2, frequency=48000, lengthbytes=15328, lengthpcm=112000, pcmblocksize=0, loopstart=0, loopend=0, mode=0x00000000, channelmask=0x00000000, channelorder=0, peakvolume=0.061432.
[LOG] SystemI::createSoundInternal             : Create name='', mode=0x02000202
[LOG] SystemI::createSoundInternal             : exinfo->cbsize             = 224
[LOG] SystemI::createSoundInternal             : exinfo->length             = 143168
[LOG] SystemI::createSoundInternal             : exinfo->fileoffset         = 7072
[LOG] SystemI::createSoundInternal             : exinfo->numsubsounds       = 1
[LOG] SystemI::createSoundInternal             : exinfo->inclusionlist      = 000000FB6DBFF508
[LOG] SystemI::createSoundInternal             : exinfo->inclusionlistnum   = 1
[LOG] SystemI::createSoundInternal             : exinfo->suggestedsoundtype = 5
[LOG] SystemI::createSoundInternal             : exinfo->useropen           = 00007FFAE8587B10
[LOG] SystemI::createSoundInternal             : exinfo->userclose          = 00007FFAE8587AE0
[LOG] SystemI::createSoundInternal             : exinfo->userread           = 00007FFAE8587BE0
[LOG] SystemI::createSoundInternal             : exinfo->userseek           = 00007FFAE8587CA0
[LOG] SystemI::createSoundInternal             : exinfo->fileuserdata       = 000002ED947B7118
[LOG] SystemI::createSoundInternal             : exinfo->initialseekpostype = 1
[LOG] SystemI::DSPCodecPoolRegister            : register codec pool for pool type 5
[LOG] SystemI::createSoundInternal             : Sample 0/1: name='ggj21SFX-footstepsVerb-012', format=5, channels=2, frequency=48000, lengthbytes=15008, lengthpcm=112000, pcmblocksize=0, loopstart=0, loopend=0, mode=0x00000000, channelmask=0x00000000, channelorder=0, peakvolume=0.063324.
[LOG] SystemI::createSoundInternal             : Create name='', mode=0x02000202
[LOG] SystemI::createSoundInternal             : exinfo->cbsize             = 224
[LOG] SystemI::createSoundInternal             : exinfo->length             = 143168
[LOG] SystemI::createSoundInternal             : exinfo->fileoffset         = 7072
[LOG] SystemI::createSoundInternal             : exinfo->numsubsounds       = 1
[LOG] SystemI::createSoundInternal             : exinfo->inclusionlist      = 000000FB6DBFF508
[LOG] SystemI::createSoundInternal             : exinfo->inclusionlistnum   = 1
[LOG] SystemI::createSoundInternal             : exinfo->suggestedsoundtype = 5
[LOG] SystemI::createSoundInternal             : exinfo->useropen           = 00007FFAE8587B10
[LOG] SystemI::createSoundInternal             : exinfo->userclose          = 00007FFAE8587AE0
[LOG] SystemI::createSoundInternal             : exinfo->userread           = 00007FFAE8587BE0
[LOG] SystemI::createSoundInternal             : exinfo->userseek           = 00007FFAE8587CA0
[LOG] SystemI::createSoundInternal             : exinfo->fileuserdata       = 000002ED947B7118
[LOG] SystemI::createSoundInternal             : exinfo->initialseekpostype = 1
[LOG] SystemI::DSPCodecPoolRegister            : register codec pool for pool type 5
[LOG] SystemI::createSoundInternal             : Sample 0/1: name='ggj21SFX-footstepsVerb-011', format=5, channels=2, frequency=48000, lengthbytes=12576, lengthpcm=112000, pcmblocksize=0, loopstart=0, loopend=0, mode=0x00000000, channelmask=0x00000000, channelorder=0, peakvolume=0.033875.
[LOG] SoundI::release                          :  (000002ED943A4E18)
[LOG] SoundI::release                          :     ggj21SFX-footstepsVerb-007 (000002ED39389AE8)
[LOG] SoundI::release                          :  (000002ED943A8348)
[LOG] SoundI::release                          :     ggj21SFX-footstepsVerb-008 (000002ED393866E8)
[LOG] SoundI::release                          :  (000002ED943A4408)
[LOG] SoundI::release                          :     ggj21SFX-footstepsVerb-014 (000002ED322A3E78)
[LOG] SoundI::release                          :  (000002ED943A7938)
[LOG] SoundI::release                          :     ggj21SFX-footstepsVerb-004 (000002ED322A4EB8)
[LOG] SoundI::release                          :  (000002ED943A74E8)
[LOG] SoundI::release                          :     ggj21SFX-footstepsVerb-005 (000002ED322A49D8)
[LOG] SoundI::release                          :  (000002ED943A8908)
[LOG] SoundI::release                          :     ggj21SFX-footstepsVerb-006 (000002ED322A4D18)
[LOG] SoundI::release                          :  (000002ED943A5998)
[LOG] SoundI::release                          :     ggj21SFX-footstepsVerb-009 (000002ED39389608)
[LOG] SoundI::release                          :  (000002ED943A60C8)
[LOG] SoundI::release                          :     ggj21SFX-footstepsVerb-010 (000002ED39387588)
[LOG] SoundI::release                          :  (000002ED943A8BE8)
[LOG] SoundI::release                          :     ggj21SFX-footstepsVerb-011 (000002ED0BF566D8)
[LOG] SoundI::release                          :  (000002ED943A81D8)
[LOG] SoundI::release                          :     ggj21SFX-footstepsVerb-012 (000002ED0BF57BF8)
[LOG] SoundI::release                          :  (000002ED943A5DE8)
[LOG] SoundI::release                          :     ggj21SFX-footstepsVerb-013 (000002ED39389948)
[LOG] Thread::callback                         : FMOD Studio bank load thread finished.
[LOG] Thread::callback                         : FMOD Studio sample load thread finished.
[LOG] LiveUpdate::release                      : 
[LOG] LiveUpdate::reset                        : Reset connection (reason Disconnected)
[LOG] Thread::callback                         : FMOD stream thread finished.
[LOG] Thread::callback                         : FMOD mixer thread finished.
[LOG] SystemI::close                           : Closed.
